-------------------------------------------------------------------------------
Test set: dummyProject.DummyProjectsApplicationTests
-------------------------------------------------------------------------------
Tests run: 1, Failures: 0, Errors: 1, Skipped: 0, Time elapsed: 1.859 s <<< FAILURE! - in dummyProject.DummyProjectsApplicationTests
contextLoads  Time elapsed: 0.019 s  <<< ERROR!
java.lang.IllegalStateException: Failed to load ApplicationContext for [WebMergedContextConfiguration@31db34da testClass = dummyProject.DummyProjectsApplicationTests, locations = [], classes = [dummyProject.DummyProjectsApplication], contextInitializerClasses = [], activeProfiles = [], propertySourceLocations = [], propertySourceProperties = ["org.springframework.boot.test.context.SpringBootTestContextBootstrapper=true"], contextCustomizers = [org.springframework.boot.test.context.filter.ExcludeFilterContextCustomizer@4b34fff9, org.springframework.boot.test.json.DuplicateJsonObjectContextCustomizerFactory$DuplicateJsonObjectContextCustomizer@57c03d88, org.springframework.boot.test.mock.mockito.MockitoContextCustomizer@0, org.springframework.boot.test.web.client.TestRestTemplateContextCustomizer@11bb571c, org.springframework.boot.test.autoconfigure.actuate.observability.ObservabilityContextCustomizerFactory$DisableObservabilityContextCustomizer@9da1, org.springframework.boot.test.autoconfigure.properties.PropertyMappingContextCustomizer@0, org.springframework.boot.test.autoconfigure.web.servlet.WebDriverContextCustomizerFactory$Customizer@5e403b4a, org.springframework.boot.test.context.SpringBootTestAnnotation@815d3757], resourceBasePath = "src/main/webapp", contextLoader = org.springframework.boot.test.context.SpringBootContextLoader, parent = null]
Caused by: java.lang.TypeNotPresentException: Type javax.servlet.http.HttpServletRequest not present
Caused by: java.lang.ClassNotFoundException: javax.servlet.http.HttpServletRequest

